<?xml version="1.0" encoding="UTF-8"?>
<testng-results skipped="0" failed="0" ignored="0" total="1" passed="1">
  <reporter-output>
  </reporter-output>
  <suite name="Suite" duration-ms="20305" started-at="2022-04-12T19:45:32 IST" finished-at="2022-04-12T19:45:53 IST">
    <groups>
    </groups>
    <test name="Test1" duration-ms="20305" started-at="2022-04-12T19:45:32 IST" finished-at="2022-04-12T19:45:53 IST">
      <class name="testcase.Loginlogout">
        <test-method status="PASS" signature="startReport()[pri:0, instance:testcase.Loginlogout@24a35978]" name="startReport" is-config="true" duration-ms="1685" started-at="2022-04-12T19:45:31 IST" finished-at="2022-04-12T19:45:32 IST">
          <reporter-output>
          </reporter-output>
        </test-method> <!-- startReport -->
        <test-method status="PASS" signature="teDetails()[pri:0, instance:testcase.Loginlogout@24a35978]" name="teDetails" is-config="true" duration-ms="2" started-at="2022-04-12T19:45:33 IST" finished-at="2022-04-12T19:45:33 IST">
          <reporter-output>
          </reporter-output>
        </test-method> <!-- teDetails -->
        <test-method status="PASS" signature="testDetails()[pri:0, instance:testcase.Loginlogout@24a35978]" name="testDetails" is-config="true" duration-ms="24" started-at="2022-04-12T19:45:33 IST" finished-at="2022-04-12T19:45:33 IST">
          <reporter-output>
          </reporter-output>
        </test-method> <!-- testDetails -->
        <test-method status="PASS" signature="preCondition(java.lang.String,java.lang.String)[pri:0, instance:testcase.Loginlogout@24a35978]" name="preCondition" is-config="true" duration-ms="12376" started-at="2022-04-12T19:45:33 IST" finished-at="2022-04-12T19:45:45 IST">
          <params>
            <param index="0">
              <value>
                <![CDATA[http://leaftaps.com/opentaps/control/main]]>
              </value>
            </param>
            <param index="1">
              <value>
                <![CDATA[French]]>
              </value>
            </param>
          </params>
          <reporter-output>
          </reporter-output>
        </test-method> <!-- preCondition -->
        <test-method status="PASS" signature="runLoginAndLogout()[pri:0, instance:testcase.Loginlogout@24a35978]" name="runLoginAndLogout" duration-ms="7095" started-at="2022-04-12T19:45:45 IST" finished-at="2022-04-12T19:45:52 IST">
          <reporter-output>
          </reporter-output>
        </test-method> <!-- runLoginAndLogout -->
        <test-method status="PASS" signature="postCondition()[pri:0, instance:testcase.Loginlogout@24a35978]" name="postCondition" is-config="true" duration-ms="625" started-at="2022-04-12T19:45:52 IST" finished-at="2022-04-12T19:45:53 IST">
          <reporter-output>
          </reporter-output>
        </test-method> <!-- postCondition -->
        <test-method status="PASS" signature="stopReport()[pri:0, instance:testcase.Loginlogout@24a35978]" name="stopReport" is-config="true" duration-ms="1890" started-at="2022-04-12T19:45:53 IST" finished-at="2022-04-12T19:45:55 IST">
          <reporter-output>
          </reporter-output>
        </test-method> <!-- stopReport -->
      </class> <!-- testcase.Loginlogout -->
    </test> <!-- Test1 -->
  </suite> <!-- Suite -->
</testng-results>
